2013/01/30 10:42:26 [error] [exception.CException] exception 'CException' with message 'Alias "bootstrap.widgets.TbHeroUnit" is invalid. Make sure it points to an existing directory or file.' in /Applications/MAMP/htdocs/yii-1.1.13/framework/YiiBase.php:341
Stack trace:
#0 /Applications/MAMP/htdocs/yii-1.1.13/framework/web/CWidgetFactory.php(146): YiiBase::import('bootstrap.widge...', true)
#1 /Applications/MAMP/htdocs/yii-1.1.13/framework/web/CBaseController.php(146): CWidgetFactory->createWidget(Object(SiteController), 'bootstrap.widge...', Array)
#2 /Applications/MAMP/htdocs/yii-1.1.13/framework/web/CBaseController.php(189): CBaseController->createWidget('bootstrap.widge...', Array)
#3 /Applications/MAMP/htdocs/nippou/themes/bootstrap/views/site/index.php(9): CBaseController->beginWidget('bootstrap.widge...', Array)
#4 /Applications/MAMP/htdocs/yii-1.1.13/framework/web/CBaseController.php(126): require('/Applications/M...')
#5 /Applications/MAMP/htdocs/yii-1.1.13/framework/web/CBaseController.php(95): CBaseController->renderInternal('/Applications/M...', NULL, true)
#6 /Applications/MAMP/htdocs/yii-1.1.13/framework/web/CController.php(869): CBaseController->renderFile('/Applications/M...', NULL, true)
#7 /Applications/MAMP/htdocs/yii-1.1.13/framework/web/CController.php(782): CController->renderPartial('index', NULL, true)
#8 /Applications/MAMP/htdocs/nippou/protected/controllers/SiteController.php(32): CController->render('index')
#9 /Applications/MAMP/htdocs/yii-1.1.13/framework/web/actions/CInlineAction.php(49): SiteController->actionIndex()
#10 /Applications/MAMP/htdocs/yii-1.1.13/framework/web/CController.php(308): CInlineAction->runWithParams(Array)
#11 /Applications/MAMP/htdocs/yii-1.1.13/framework/web/CController.php(286): CController->runAction(Object(CInlineAction))
#12 /Applications/MAMP/htdocs/yii-1.1.13/framework/web/CController.php(265): CController->runActionWithFilters(Object(CInlineAction), Array)
#13 /Applications/MAMP/htdocs/yii-1.1.13/framework/web/CWebApplication.php(282): CController->run('')
#14 /Applications/MAMP/htdocs/yii-1.1.13/framework/web/CWebApplication.php(141): CWebApplication->runController('')
#15 /Applications/MAMP/htdocs/yii-1.1.13/framework/base/CApplication.php(169): CWebApplication->processRequest()
#16 /Applications/MAMP/htdocs/nippou/index.php(13): CApplication->run()
#17 {main}
REQUEST_URI=/nippou/
---
2013/01/30 10:43:01 [error] [exception.CException] exception 'CException' with message 'Alias "bootstrap.widgets.TbHeroUnit" is invalid. Make sure it points to an existing directory or file.' in /Applications/MAMP/htdocs/yii-1.1.13/framework/YiiBase.php:341
Stack trace:
#0 /Applications/MAMP/htdocs/yii-1.1.13/framework/web/CWidgetFactory.php(146): YiiBase::import('bootstrap.widge...', true)
#1 /Applications/MAMP/htdocs/yii-1.1.13/framework/web/CBaseController.php(146): CWidgetFactory->createWidget(Object(SiteController), 'bootstrap.widge...', Array)
#2 /Applications/MAMP/htdocs/yii-1.1.13/framework/web/CBaseController.php(189): CBaseController->createWidget('bootstrap.widge...', Array)
#3 /Applications/MAMP/htdocs/nippou/themes/bootstrap/views/site/index.php(9): CBaseController->beginWidget('bootstrap.widge...', Array)
#4 /Applications/MAMP/htdocs/yii-1.1.13/framework/web/CBaseController.php(126): require('/Applications/M...')
#5 /Applications/MAMP/htdocs/yii-1.1.13/framework/web/CBaseController.php(95): CBaseController->renderInternal('/Applications/M...', NULL, true)
#6 /Applications/MAMP/htdocs/yii-1.1.13/framework/web/CController.php(869): CBaseController->renderFile('/Applications/M...', NULL, true)
#7 /Applications/MAMP/htdocs/yii-1.1.13/framework/web/CController.php(782): CController->renderPartial('index', NULL, true)
#8 /Applications/MAMP/htdocs/nippou/protected/controllers/SiteController.php(32): CController->render('index')
#9 /Applications/MAMP/htdocs/yii-1.1.13/framework/web/actions/CInlineAction.php(49): SiteController->actionIndex()
#10 /Applications/MAMP/htdocs/yii-1.1.13/framework/web/CController.php(308): CInlineAction->runWithParams(Array)
#11 /Applications/MAMP/htdocs/yii-1.1.13/framework/web/CController.php(286): CController->runAction(Object(CInlineAction))
#12 /Applications/MAMP/htdocs/yii-1.1.13/framework/web/CController.php(265): CController->runActionWithFilters(Object(CInlineAction), Array)
#13 /Applications/MAMP/htdocs/yii-1.1.13/framework/web/CWebApplication.php(282): CController->run('')
#14 /Applications/MAMP/htdocs/yii-1.1.13/framework/web/CWebApplication.php(141): CWebApplication->runController('')
#15 /Applications/MAMP/htdocs/yii-1.1.13/framework/base/CApplication.php(169): CWebApplication->processRequest()
#16 /Applications/MAMP/htdocs/nippou/index.php(13): CApplication->run()
#17 {main}
REQUEST_URI=/nippou/
---
2013/01/30 10:43:02 [error] [exception.CException] exception 'CException' with message 'Alias "bootstrap.widgets.TbHeroUnit" is invalid. Make sure it points to an existing directory or file.' in /Applications/MAMP/htdocs/yii-1.1.13/framework/YiiBase.php:341
Stack trace:
#0 /Applications/MAMP/htdocs/yii-1.1.13/framework/web/CWidgetFactory.php(146): YiiBase::import('bootstrap.widge...', true)
#1 /Applications/MAMP/htdocs/yii-1.1.13/framework/web/CBaseController.php(146): CWidgetFactory->createWidget(Object(SiteController), 'bootstrap.widge...', Array)
#2 /Applications/MAMP/htdocs/yii-1.1.13/framework/web/CBaseController.php(189): CBaseController->createWidget('bootstrap.widge...', Array)
#3 /Applications/MAMP/htdocs/nippou/themes/bootstrap/views/site/index.php(9): CBaseController->beginWidget('bootstrap.widge...', Array)
#4 /Applications/MAMP/htdocs/yii-1.1.13/framework/web/CBaseController.php(126): require('/Applications/M...')
#5 /Applications/MAMP/htdocs/yii-1.1.13/framework/web/CBaseController.php(95): CBaseController->renderInternal('/Applications/M...', NULL, true)
#6 /Applications/MAMP/htdocs/yii-1.1.13/framework/web/CController.php(869): CBaseController->renderFile('/Applications/M...', NULL, true)
#7 /Applications/MAMP/htdocs/yii-1.1.13/framework/web/CController.php(782): CController->renderPartial('index', NULL, true)
#8 /Applications/MAMP/htdocs/nippou/protected/controllers/SiteController.php(32): CController->render('index')
#9 /Applications/MAMP/htdocs/yii-1.1.13/framework/web/actions/CInlineAction.php(49): SiteController->actionIndex()
#10 /Applications/MAMP/htdocs/yii-1.1.13/framework/web/CController.php(308): CInlineAction->runWithParams(Array)
#11 /Applications/MAMP/htdocs/yii-1.1.13/framework/web/CController.php(286): CController->runAction(Object(CInlineAction))
#12 /Applications/MAMP/htdocs/yii-1.1.13/framework/web/CController.php(265): CController->runActionWithFilters(Object(CInlineAction), Array)
#13 /Applications/MAMP/htdocs/yii-1.1.13/framework/web/CWebApplication.php(282): CController->run('')
#14 /Applications/MAMP/htdocs/yii-1.1.13/framework/web/CWebApplication.php(141): CWebApplication->runController('')
#15 /Applications/MAMP/htdocs/yii-1.1.13/framework/base/CApplication.php(169): CWebApplication->processRequest()
#16 /Applications/MAMP/htdocs/nippou/index.php(13): CApplication->run()
#17 {main}
REQUEST_URI=/nippou/
---
2013/01/30 10:43:03 [error] [exception.CException] exception 'CException' with message 'Alias "bootstrap.widgets.TbHeroUnit" is invalid. Make sure it points to an existing directory or file.' in /Applications/MAMP/htdocs/yii-1.1.13/framework/YiiBase.php:341
Stack trace:
#0 /Applications/MAMP/htdocs/yii-1.1.13/framework/web/CWidgetFactory.php(146): YiiBase::import('bootstrap.widge...', true)
#1 /Applications/MAMP/htdocs/yii-1.1.13/framework/web/CBaseController.php(146): CWidgetFactory->createWidget(Object(SiteController), 'bootstrap.widge...', Array)
#2 /Applications/MAMP/htdocs/yii-1.1.13/framework/web/CBaseController.php(189): CBaseController->createWidget('bootstrap.widge...', Array)
#3 /Applications/MAMP/htdocs/nippou/themes/bootstrap/views/site/index.php(9): CBaseController->beginWidget('bootstrap.widge...', Array)
#4 /Applications/MAMP/htdocs/yii-1.1.13/framework/web/CBaseController.php(126): require('/Applications/M...')
#5 /Applications/MAMP/htdocs/yii-1.1.13/framework/web/CBaseController.php(95): CBaseController->renderInternal('/Applications/M...', NULL, true)
#6 /Applications/MAMP/htdocs/yii-1.1.13/framework/web/CController.php(869): CBaseController->renderFile('/Applications/M...', NULL, true)
#7 /Applications/MAMP/htdocs/yii-1.1.13/framework/web/CController.php(782): CController->renderPartial('index', NULL, true)
#8 /Applications/MAMP/htdocs/nippou/protected/controllers/SiteController.php(32): CController->render('index')
#9 /Applications/MAMP/htdocs/yii-1.1.13/framework/web/actions/CInlineAction.php(49): SiteController->actionIndex()
#10 /Applications/MAMP/htdocs/yii-1.1.13/framework/web/CController.php(308): CInlineAction->runWithParams(Array)
#11 /Applications/MAMP/htdocs/yii-1.1.13/framework/web/CController.php(286): CController->runAction(Object(CInlineAction))
#12 /Applications/MAMP/htdocs/yii-1.1.13/framework/web/CController.php(265): CController->runActionWithFilters(Object(CInlineAction), Array)
#13 /Applications/MAMP/htdocs/yii-1.1.13/framework/web/CWebApplication.php(282): CController->run('')
#14 /Applications/MAMP/htdocs/yii-1.1.13/framework/web/CWebApplication.php(141): CWebApplication->runController('')
#15 /Applications/MAMP/htdocs/yii-1.1.13/framework/base/CApplication.php(169): CWebApplication->processRequest()
#16 /Applications/MAMP/htdocs/nippou/index.php(13): CApplication->run()
#17 {main}
REQUEST_URI=/nippou/
---
2013/01/30 10:43:03 [error] [exception.CException] exception 'CException' with message 'Alias "bootstrap.widgets.TbHeroUnit" is invalid. Make sure it points to an existing directory or file.' in /Applications/MAMP/htdocs/yii-1.1.13/framework/YiiBase.php:341
Stack trace:
#0 /Applications/MAMP/htdocs/yii-1.1.13/framework/web/CWidgetFactory.php(146): YiiBase::import('bootstrap.widge...', true)
#1 /Applications/MAMP/htdocs/yii-1.1.13/framework/web/CBaseController.php(146): CWidgetFactory->createWidget(Object(SiteController), 'bootstrap.widge...', Array)
#2 /Applications/MAMP/htdocs/yii-1.1.13/framework/web/CBaseController.php(189): CBaseController->createWidget('bootstrap.widge...', Array)
#3 /Applications/MAMP/htdocs/nippou/themes/bootstrap/views/site/index.php(9): CBaseController->beginWidget('bootstrap.widge...', Array)
#4 /Applications/MAMP/htdocs/yii-1.1.13/framework/web/CBaseController.php(126): require('/Applications/M...')
#5 /Applications/MAMP/htdocs/yii-1.1.13/framework/web/CBaseController.php(95): CBaseController->renderInternal('/Applications/M...', NULL, true)
#6 /Applications/MAMP/htdocs/yii-1.1.13/framework/web/CController.php(869): CBaseController->renderFile('/Applications/M...', NULL, true)
#7 /Applications/MAMP/htdocs/yii-1.1.13/framework/web/CController.php(782): CController->renderPartial('index', NULL, true)
#8 /Applications/MAMP/htdocs/nippou/protected/controllers/SiteController.php(32): CController->render('index')
#9 /Applications/MAMP/htdocs/yii-1.1.13/framework/web/actions/CInlineAction.php(49): SiteController->actionIndex()
#10 /Applications/MAMP/htdocs/yii-1.1.13/framework/web/CController.php(308): CInlineAction->runWithParams(Array)
#11 /Applications/MAMP/htdocs/yii-1.1.13/framework/web/CController.php(286): CController->runAction(Object(CInlineAction))
#12 /Applications/MAMP/htdocs/yii-1.1.13/framework/web/CController.php(265): CController->runActionWithFilters(Object(CInlineAction), Array)
#13 /Applications/MAMP/htdocs/yii-1.1.13/framework/web/CWebApplication.php(282): CController->run('')
#14 /Applications/MAMP/htdocs/yii-1.1.13/framework/web/CWebApplication.php(141): CWebApplication->runController('')
#15 /Applications/MAMP/htdocs/yii-1.1.13/framework/base/CApplication.php(169): CWebApplication->processRequest()
#16 /Applications/MAMP/htdocs/nippou/index.php(13): CApplication->run()
#17 {main}
REQUEST_URI=/nippou/
---
2013/01/30 10:43:03 [error] [exception.CException] exception 'CException' with message 'Alias "bootstrap.widgets.TbHeroUnit" is invalid. Make sure it points to an existing directory or file.' in /Applications/MAMP/htdocs/yii-1.1.13/framework/YiiBase.php:341
Stack trace:
#0 /Applications/MAMP/htdocs/yii-1.1.13/framework/web/CWidgetFactory.php(146): YiiBase::import('bootstrap.widge...', true)
#1 /Applications/MAMP/htdocs/yii-1.1.13/framework/web/CBaseController.php(146): CWidgetFactory->createWidget(Object(SiteController), 'bootstrap.widge...', Array)
#2 /Applications/MAMP/htdocs/yii-1.1.13/framework/web/CBaseController.php(189): CBaseController->createWidget('bootstrap.widge...', Array)
#3 /Applications/MAMP/htdocs/nippou/themes/bootstrap/views/site/index.php(9): CBaseController->beginWidget('bootstrap.widge...', Array)
#4 /Applications/MAMP/htdocs/yii-1.1.13/framework/web/CBaseController.php(126): require('/Applications/M...')
#5 /Applications/MAMP/htdocs/yii-1.1.13/framework/web/CBaseController.php(95): CBaseController->renderInternal('/Applications/M...', NULL, true)
#6 /Applications/MAMP/htdocs/yii-1.1.13/framework/web/CController.php(869): CBaseController->renderFile('/Applications/M...', NULL, true)
#7 /Applications/MAMP/htdocs/yii-1.1.13/framework/web/CController.php(782): CController->renderPartial('index', NULL, true)
#8 /Applications/MAMP/htdocs/nippou/protected/controllers/SiteController.php(32): CController->render('index')
#9 /Applications/MAMP/htdocs/yii-1.1.13/framework/web/actions/CInlineAction.php(49): SiteController->actionIndex()
#10 /Applications/MAMP/htdocs/yii-1.1.13/framework/web/CController.php(308): CInlineAction->runWithParams(Array)
#11 /Applications/MAMP/htdocs/yii-1.1.13/framework/web/CController.php(286): CController->runAction(Object(CInlineAction))
#12 /Applications/MAMP/htdocs/yii-1.1.13/framework/web/CController.php(265): CController->runActionWithFilters(Object(CInlineAction), Array)
#13 /Applications/MAMP/htdocs/yii-1.1.13/framework/web/CWebApplication.php(282): CController->run('')
#14 /Applications/MAMP/htdocs/yii-1.1.13/framework/web/CWebApplication.php(141): CWebApplication->runController('')
#15 /Applications/MAMP/htdocs/yii-1.1.13/framework/base/CApplication.php(169): CWebApplication->processRequest()
#16 /Applications/MAMP/htdocs/nippou/index.php(13): CApplication->run()
#17 {main}
REQUEST_URI=/nippou/
---
2013/01/30 10:43:03 [error] [exception.CException] exception 'CException' with message 'Alias "bootstrap.widgets.TbHeroUnit" is invalid. Make sure it points to an existing directory or file.' in /Applications/MAMP/htdocs/yii-1.1.13/framework/YiiBase.php:341
Stack trace:
#0 /Applications/MAMP/htdocs/yii-1.1.13/framework/web/CWidgetFactory.php(146): YiiBase::import('bootstrap.widge...', true)
#1 /Applications/MAMP/htdocs/yii-1.1.13/framework/web/CBaseController.php(146): CWidgetFactory->createWidget(Object(SiteController), 'bootstrap.widge...', Array)
#2 /Applications/MAMP/htdocs/yii-1.1.13/framework/web/CBaseController.php(189): CBaseController->createWidget('bootstrap.widge...', Array)
#3 /Applications/MAMP/htdocs/nippou/themes/bootstrap/views/site/index.php(9): CBaseController->beginWidget('bootstrap.widge...', Array)
#4 /Applications/MAMP/htdocs/yii-1.1.13/framework/web/CBaseController.php(126): require('/Applications/M...')
#5 /Applications/MAMP/htdocs/yii-1.1.13/framework/web/CBaseController.php(95): CBaseController->renderInternal('/Applications/M...', NULL, true)
#6 /Applications/MAMP/htdocs/yii-1.1.13/framework/web/CController.php(869): CBaseController->renderFile('/Applications/M...', NULL, true)
#7 /Applications/MAMP/htdocs/yii-1.1.13/framework/web/CController.php(782): CController->renderPartial('index', NULL, true)
#8 /Applications/MAMP/htdocs/nippou/protected/controllers/SiteController.php(32): CController->render('index')
#9 /Applications/MAMP/htdocs/yii-1.1.13/framework/web/actions/CInlineAction.php(49): SiteController->actionIndex()
#10 /Applications/MAMP/htdocs/yii-1.1.13/framework/web/CController.php(308): CInlineAction->runWithParams(Array)
#11 /Applications/MAMP/htdocs/yii-1.1.13/framework/web/CController.php(286): CController->runAction(Object(CInlineAction))
#12 /Applications/MAMP/htdocs/yii-1.1.13/framework/web/CController.php(265): CController->runActionWithFilters(Object(CInlineAction), Array)
#13 /Applications/MAMP/htdocs/yii-1.1.13/framework/web/CWebApplication.php(282): CController->run('')
#14 /Applications/MAMP/htdocs/yii-1.1.13/framework/web/CWebApplication.php(141): CWebApplication->runController('')
#15 /Applications/MAMP/htdocs/yii-1.1.13/framework/base/CApplication.php(169): CWebApplication->processRequest()
#16 /Applications/MAMP/htdocs/nippou/index.php(13): CApplication->run()
#17 {main}
REQUEST_URI=/nippou/
---
2013/01/30 10:43:04 [error] [exception.CException] exception 'CException' with message 'Alias "bootstrap.widgets.TbHeroUnit" is invalid. Make sure it points to an existing directory or file.' in /Applications/MAMP/htdocs/yii-1.1.13/framework/YiiBase.php:341
Stack trace:
#0 /Applications/MAMP/htdocs/yii-1.1.13/framework/web/CWidgetFactory.php(146): YiiBase::import('bootstrap.widge...', true)
#1 /Applications/MAMP/htdocs/yii-1.1.13/framework/web/CBaseController.php(146): CWidgetFactory->createWidget(Object(SiteController), 'bootstrap.widge...', Array)
#2 /Applications/MAMP/htdocs/yii-1.1.13/framework/web/CBaseController.php(189): CBaseController->createWidget('bootstrap.widge...', Array)
#3 /Applications/MAMP/htdocs/nippou/themes/bootstrap/views/site/index.php(9): CBaseController->beginWidget('bootstrap.widge...', Array)
#4 /Applications/MAMP/htdocs/yii-1.1.13/framework/web/CBaseController.php(126): require('/Applications/M...')
#5 /Applications/MAMP/htdocs/yii-1.1.13/framework/web/CBaseController.php(95): CBaseController->renderInternal('/Applications/M...', NULL, true)
#6 /Applications/MAMP/htdocs/yii-1.1.13/framework/web/CController.php(869): CBaseController->renderFile('/Applications/M...', NULL, true)
#7 /Applications/MAMP/htdocs/yii-1.1.13/framework/web/CController.php(782): CController->renderPartial('index', NULL, true)
#8 /Applications/MAMP/htdocs/nippou/protected/controllers/SiteController.php(32): CController->render('index')
#9 /Applications/MAMP/htdocs/yii-1.1.13/framework/web/actions/CInlineAction.php(49): SiteController->actionIndex()
#10 /Applications/MAMP/htdocs/yii-1.1.13/framework/web/CController.php(308): CInlineAction->runWithParams(Array)
#11 /Applications/MAMP/htdocs/yii-1.1.13/framework/web/CController.php(286): CController->runAction(Object(CInlineAction))
#12 /Applications/MAMP/htdocs/yii-1.1.13/framework/web/CController.php(265): CController->runActionWithFilters(Object(CInlineAction), Array)
#13 /Applications/MAMP/htdocs/yii-1.1.13/framework/web/CWebApplication.php(282): CController->run('')
#14 /Applications/MAMP/htdocs/yii-1.1.13/framework/web/CWebApplication.php(141): CWebApplication->runController('')
#15 /Applications/MAMP/htdocs/yii-1.1.13/framework/base/CApplication.php(169): CWebApplication->processRequest()
#16 /Applications/MAMP/htdocs/nippou/index.php(13): CApplication->run()
#17 {main}
REQUEST_URI=/nippou/
---
2013/01/30 10:43:04 [error] [exception.CException] exception 'CException' with message 'Alias "bootstrap.widgets.TbHeroUnit" is invalid. Make sure it points to an existing directory or file.' in /Applications/MAMP/htdocs/yii-1.1.13/framework/YiiBase.php:341
Stack trace:
#0 /Applications/MAMP/htdocs/yii-1.1.13/framework/web/CWidgetFactory.php(146): YiiBase::import('bootstrap.widge...', true)
#1 /Applications/MAMP/htdocs/yii-1.1.13/framework/web/CBaseController.php(146): CWidgetFactory->createWidget(Object(SiteController), 'bootstrap.widge...', Array)
#2 /Applications/MAMP/htdocs/yii-1.1.13/framework/web/CBaseController.php(189): CBaseController->createWidget('bootstrap.widge...', Array)
#3 /Applications/MAMP/htdocs/nippou/themes/bootstrap/views/site/index.php(9): CBaseController->beginWidget('bootstrap.widge...', Array)
#4 /Applications/MAMP/htdocs/yii-1.1.13/framework/web/CBaseController.php(126): require('/Applications/M...')
#5 /Applications/MAMP/htdocs/yii-1.1.13/framework/web/CBaseController.php(95): CBaseController->renderInternal('/Applications/M...', NULL, true)
#6 /Applications/MAMP/htdocs/yii-1.1.13/framework/web/CController.php(869): CBaseController->renderFile('/Applications/M...', NULL, true)
#7 /Applications/MAMP/htdocs/yii-1.1.13/framework/web/CController.php(782): CController->renderPartial('index', NULL, true)
#8 /Applications/MAMP/htdocs/nippou/protected/controllers/SiteController.php(32): CController->render('index')
#9 /Applications/MAMP/htdocs/yii-1.1.13/framework/web/actions/CInlineAction.php(49): SiteController->actionIndex()
#10 /Applications/MAMP/htdocs/yii-1.1.13/framework/web/CController.php(308): CInlineAction->runWithParams(Array)
#11 /Applications/MAMP/htdocs/yii-1.1.13/framework/web/CController.php(286): CController->runAction(Object(CInlineAction))
#12 /Applications/MAMP/htdocs/yii-1.1.13/framework/web/CController.php(265): CController->runActionWithFilters(Object(CInlineAction), Array)
#13 /Applications/MAMP/htdocs/yii-1.1.13/framework/web/CWebApplication.php(282): CController->run('')
#14 /Applications/MAMP/htdocs/yii-1.1.13/framework/web/CWebApplication.php(141): CWebApplication->runController('')
#15 /Applications/MAMP/htdocs/yii-1.1.13/framework/base/CApplication.php(169): CWebApplication->processRequest()
#16 /Applications/MAMP/htdocs/nippou/index.php(13): CApplication->run()
#17 {main}
REQUEST_URI=/nippou/
---
2013/01/30 10:43:05 [error] [exception.CException] exception 'CException' with message 'Alias "bootstrap.widgets.TbHeroUnit" is invalid. Make sure it points to an existing directory or file.' in /Applications/MAMP/htdocs/yii-1.1.13/framework/YiiBase.php:341
Stack trace:
#0 /Applications/MAMP/htdocs/yii-1.1.13/framework/web/CWidgetFactory.php(146): YiiBase::import('bootstrap.widge...', true)
#1 /Applications/MAMP/htdocs/yii-1.1.13/framework/web/CBaseController.php(146): CWidgetFactory->createWidget(Object(SiteController), 'bootstrap.widge...', Array)
#2 /Applications/MAMP/htdocs/yii-1.1.13/framework/web/CBaseController.php(189): CBaseController->createWidget('bootstrap.widge...', Array)
#3 /Applications/MAMP/htdocs/nippou/themes/bootstrap/views/site/index.php(9): CBaseController->beginWidget('bootstrap.widge...', Array)
#4 /Applications/MAMP/htdocs/yii-1.1.13/framework/web/CBaseController.php(126): require('/Applications/M...')
#5 /Applications/MAMP/htdocs/yii-1.1.13/framework/web/CBaseController.php(95): CBaseController->renderInternal('/Applications/M...', NULL, true)
#6 /Applications/MAMP/htdocs/yii-1.1.13/framework/web/CController.php(869): CBaseController->renderFile('/Applications/M...', NULL, true)
#7 /Applications/MAMP/htdocs/yii-1.1.13/framework/web/CController.php(782): CController->renderPartial('index', NULL, true)
#8 /Applications/MAMP/htdocs/nippou/protected/controllers/SiteController.php(32): CController->render('index')
#9 /Applications/MAMP/htdocs/yii-1.1.13/framework/web/actions/CInlineAction.php(49): SiteController->actionIndex()
#10 /Applications/MAMP/htdocs/yii-1.1.13/framework/web/CController.php(308): CInlineAction->runWithParams(Array)
#11 /Applications/MAMP/htdocs/yii-1.1.13/framework/web/CController.php(286): CController->runAction(Object(CInlineAction))
#12 /Applications/MAMP/htdocs/yii-1.1.13/framework/web/CController.php(265): CController->runActionWithFilters(Object(CInlineAction), Array)
#13 /Applications/MAMP/htdocs/yii-1.1.13/framework/web/CWebApplication.php(282): CController->run('')
#14 /Applications/MAMP/htdocs/yii-1.1.13/framework/web/CWebApplication.php(141): CWebApplication->runController('')
#15 /Applications/MAMP/htdocs/yii-1.1.13/framework/base/CApplication.php(169): CWebApplication->processRequest()
#16 /Applications/MAMP/htdocs/nippou/index.php(13): CApplication->run()
#17 {main}
REQUEST_URI=/nippou/
---
2013/01/30 10:43:05 [error] [exception.CException] exception 'CException' with message 'Alias "bootstrap.widgets.TbHeroUnit" is invalid. Make sure it points to an existing directory or file.' in /Applications/MAMP/htdocs/yii-1.1.13/framework/YiiBase.php:341
Stack trace:
#0 /Applications/MAMP/htdocs/yii-1.1.13/framework/web/CWidgetFactory.php(146): YiiBase::import('bootstrap.widge...', true)
#1 /Applications/MAMP/htdocs/yii-1.1.13/framework/web/CBaseController.php(146): CWidgetFactory->createWidget(Object(SiteController), 'bootstrap.widge...', Array)
#2 /Applications/MAMP/htdocs/yii-1.1.13/framework/web/CBaseController.php(189): CBaseController->createWidget('bootstrap.widge...', Array)
#3 /Applications/MAMP/htdocs/nippou/themes/bootstrap/views/site/index.php(9): CBaseController->beginWidget('bootstrap.widge...', Array)
#4 /Applications/MAMP/htdocs/yii-1.1.13/framework/web/CBaseController.php(126): require('/Applications/M...')
#5 /Applications/MAMP/htdocs/yii-1.1.13/framework/web/CBaseController.php(95): CBaseController->renderInternal('/Applications/M...', NULL, true)
#6 /Applications/MAMP/htdocs/yii-1.1.13/framework/web/CController.php(869): CBaseController->renderFile('/Applications/M...', NULL, true)
#7 /Applications/MAMP/htdocs/yii-1.1.13/framework/web/CController.php(782): CController->renderPartial('index', NULL, true)
#8 /Applications/MAMP/htdocs/nippou/protected/controllers/SiteController.php(32): CController->render('index')
#9 /Applications/MAMP/htdocs/yii-1.1.13/framework/web/actions/CInlineAction.php(49): SiteController->actionIndex()
#10 /Applications/MAMP/htdocs/yii-1.1.13/framework/web/CController.php(308): CInlineAction->runWithParams(Array)
#11 /Applications/MAMP/htdocs/yii-1.1.13/framework/web/CController.php(286): CController->runAction(Object(CInlineAction))
#12 /Applications/MAMP/htdocs/yii-1.1.13/framework/web/CController.php(265): CController->runActionWithFilters(Object(CInlineAction), Array)
#13 /Applications/MAMP/htdocs/yii-1.1.13/framework/web/CWebApplication.php(282): CController->run('')
#14 /Applications/MAMP/htdocs/yii-1.1.13/framework/web/CWebApplication.php(141): CWebApplication->runController('')
#15 /Applications/MAMP/htdocs/yii-1.1.13/framework/base/CApplication.php(169): CWebApplication->processRequest()
#16 /Applications/MAMP/htdocs/nippou/index.php(13): CApplication->run()
#17 {main}
REQUEST_URI=/nippou/
---
2013/01/30 10:49:16 [error] [php] Undefined variable: model (/Applications/MAMP/htdocs/nippou/protected/views/mail/index.php:15)
Stack trace:
#0 /Applications/MAMP/htdocs/yii-1.1.13/framework/web/CController.php(869): MailController->renderFile()
#1 /Applications/MAMP/htdocs/yii-1.1.13/framework/web/CController.php(782): MailController->renderPartial()
#2 /Applications/MAMP/htdocs/nippou/protected/controllers/MailController.php(7): MailController->render()
#3 /Applications/MAMP/htdocs/yii-1.1.13/framework/web/actions/CInlineAction.php(49): MailController->actionIndex()
#4 /Applications/MAMP/htdocs/yii-1.1.13/framework/web/CController.php(308): CInlineAction->runWithParams()
#5 /Applications/MAMP/htdocs/yii-1.1.13/framework/web/CController.php(286): MailController->runAction()
#6 /Applications/MAMP/htdocs/yii-1.1.13/framework/web/CController.php(265): MailController->runActionWithFilters()
#7 /Applications/MAMP/htdocs/yii-1.1.13/framework/web/CWebApplication.php(282): MailController->run()
#8 /Applications/MAMP/htdocs/yii-1.1.13/framework/web/CWebApplication.php(141): CWebApplication->runController()
#9 /Applications/MAMP/htdocs/yii-1.1.13/framework/base/CApplication.php(169): CWebApplication->processRequest()
#10 /Applications/MAMP/htdocs/nippou/index.php(13): CWebApplication->run()
REQUEST_URI=/nippou/index.php/mail
in /Applications/MAMP/htdocs/nippou/protected/views/mail/index.php (15)
in /Applications/MAMP/htdocs/nippou/protected/controllers/MailController.php (7)
in /Applications/MAMP/htdocs/nippou/index.php (13)
2013/01/30 11:04:43 [error] [php] Undefined variable: model (/Applications/MAMP/htdocs/nippou/protected/views/mail/index.php:15)
Stack trace:
#0 /Applications/MAMP/htdocs/yii-1.1.13/framework/web/CController.php(869): MailController->renderFile()
#1 /Applications/MAMP/htdocs/yii-1.1.13/framework/web/CController.php(782): MailController->renderPartial()
#2 /Applications/MAMP/htdocs/nippou/protected/controllers/MailController.php(7): MailController->render()
#3 /Applications/MAMP/htdocs/yii-1.1.13/framework/web/actions/CInlineAction.php(49): MailController->actionIndex()
#4 /Applications/MAMP/htdocs/yii-1.1.13/framework/web/CController.php(308): CInlineAction->runWithParams()
#5 /Applications/MAMP/htdocs/yii-1.1.13/framework/web/CController.php(286): MailController->runAction()
#6 /Applications/MAMP/htdocs/yii-1.1.13/framework/web/CController.php(265): MailController->runActionWithFilters()
#7 /Applications/MAMP/htdocs/yii-1.1.13/framework/web/CWebApplication.php(282): MailController->run()
#8 /Applications/MAMP/htdocs/yii-1.1.13/framework/web/CWebApplication.php(141): CWebApplication->runController()
#9 /Applications/MAMP/htdocs/yii-1.1.13/framework/base/CApplication.php(169): CWebApplication->processRequest()
#10 /Applications/MAMP/htdocs/nippou/index.php(13): CWebApplication->run()
REQUEST_URI=/nippou/index.php/mail
in /Applications/MAMP/htdocs/nippou/protected/views/mail/index.php (15)
in /Applications/MAMP/htdocs/nippou/protected/controllers/MailController.php (7)
in /Applications/MAMP/htdocs/nippou/index.php (13)
2013/01/30 11:11:08 [error] [exception.CHttpException.404] exception 'CHttpException' with message 'Unable to resolve the request "createForm".' in /Applications/MAMP/htdocs/yii-1.1.13/framework/web/CWebApplication.php:286
Stack trace:
#0 /Applications/MAMP/htdocs/yii-1.1.13/framework/web/CWebApplication.php(141): CWebApplication->runController('createForm')
#1 /Applications/MAMP/htdocs/yii-1.1.13/framework/base/CApplication.php(169): CWebApplication->processRequest()
#2 /Applications/MAMP/htdocs/nippou/index.php(13): CApplication->run()
#3 {main}
REQUEST_URI=/nippou/index.php/createForm
---
2013/01/30 11:15:34 [error] [php] Undefined variable: model (/Applications/MAMP/htdocs/nippou/protected/views/mail/createForm.php:20)
Stack trace:
#0 /Applications/MAMP/htdocs/yii-1.1.13/framework/web/CController.php(869): MailController->renderFile()
#1 /Applications/MAMP/htdocs/yii-1.1.13/framework/web/CController.php(782): MailController->renderPartial()
#2 /Applications/MAMP/htdocs/nippou/protected/controllers/MailController.php(15): MailController->render()
#3 /Applications/MAMP/htdocs/yii-1.1.13/framework/web/actions/CInlineAction.php(49): MailController->actionCreateForm()
#4 /Applications/MAMP/htdocs/yii-1.1.13/framework/web/CController.php(308): CInlineAction->runWithParams()
#5 /Applications/MAMP/htdocs/yii-1.1.13/framework/web/CController.php(286): MailController->runAction()
#6 /Applications/MAMP/htdocs/yii-1.1.13/framework/web/CController.php(265): MailController->runActionWithFilters()
#7 /Applications/MAMP/htdocs/yii-1.1.13/framework/web/CWebApplication.php(282): MailController->run()
#8 /Applications/MAMP/htdocs/yii-1.1.13/framework/web/CWebApplication.php(141): CWebApplication->runController()
#9 /Applications/MAMP/htdocs/yii-1.1.13/framework/base/CApplication.php(169): CWebApplication->processRequest()
#10 /Applications/MAMP/htdocs/nippou/index.php(13): CWebApplication->run()
REQUEST_URI=/nippou/index.php/mail/createForm
in /Applications/MAMP/htdocs/nippou/protected/views/mail/createForm.php (20)
in /Applications/MAMP/htdocs/nippou/protected/controllers/MailController.php (15)
in /Applications/MAMP/htdocs/nippou/index.php (13)
2013/01/31 02:39:14 [error] [php] Undefined variable: content (/Applications/MAMP/htdocs/nippou/protected/views/mail/index.php:13)
Stack trace:
#0 /Applications/MAMP/htdocs/yii-1.1.13/framework/web/CController.php(869): MailController->renderFile()
#1 /Applications/MAMP/htdocs/yii-1.1.13/framework/web/CController.php(782): MailController->renderPartial()
#2 /Applications/MAMP/htdocs/nippou/protected/controllers/MailController.php(18): MailController->render()
#3 /Applications/MAMP/htdocs/yii-1.1.13/framework/web/actions/CInlineAction.php(49): MailController->actionIndex()
#4 /Applications/MAMP/htdocs/yii-1.1.13/framework/web/CController.php(308): CInlineAction->runWithParams()
#5 /Applications/MAMP/htdocs/yii-1.1.13/framework/web/CController.php(286): MailController->runAction()
#6 /Applications/MAMP/htdocs/yii-1.1.13/framework/web/CController.php(265): MailController->runActionWithFilters()
#7 /Applications/MAMP/htdocs/yii-1.1.13/framework/web/CWebApplication.php(282): MailController->run()
#8 /Applications/MAMP/htdocs/yii-1.1.13/framework/web/CWebApplication.php(141): CWebApplication->runController()
#9 /Applications/MAMP/htdocs/yii-1.1.13/framework/base/CApplication.php(169): CWebApplication->processRequest()
#10 /Applications/MAMP/htdocs/nippou/index.php(13): CWebApplication->run()
REQUEST_URI=/nippou/index.php/mail
in /Applications/MAMP/htdocs/nippou/protected/views/mail/index.php (13)
in /Applications/MAMP/htdocs/nippou/protected/controllers/MailController.php (18)
in /Applications/MAMP/htdocs/nippou/index.php (13)
2013/01/31 02:39:49 [error] [php] Undefined variable: contentForm (/Applications/MAMP/htdocs/nippou/protected/views/mail/index.php:13)
Stack trace:
#0 /Applications/MAMP/htdocs/yii-1.1.13/framework/web/CController.php(869): MailController->renderFile()
#1 /Applications/MAMP/htdocs/yii-1.1.13/framework/web/CController.php(782): MailController->renderPartial()
#2 /Applications/MAMP/htdocs/nippou/protected/controllers/MailController.php(18): MailController->render()
#3 /Applications/MAMP/htdocs/yii-1.1.13/framework/web/actions/CInlineAction.php(49): MailController->actionIndex()
#4 /Applications/MAMP/htdocs/yii-1.1.13/framework/web/CController.php(308): CInlineAction->runWithParams()
#5 /Applications/MAMP/htdocs/yii-1.1.13/framework/web/CController.php(286): MailController->runAction()
#6 /Applications/MAMP/htdocs/yii-1.1.13/framework/web/CController.php(265): MailController->runActionWithFilters()
#7 /Applications/MAMP/htdocs/yii-1.1.13/framework/web/CWebApplication.php(282): MailController->run()
#8 /Applications/MAMP/htdocs/yii-1.1.13/framework/web/CWebApplication.php(141): CWebApplication->runController()
#9 /Applications/MAMP/htdocs/yii-1.1.13/framework/base/CApplication.php(169): CWebApplication->processRequest()
#10 /Applications/MAMP/htdocs/nippou/index.php(13): CWebApplication->run()
REQUEST_URI=/nippou/index.php/mail
in /Applications/MAMP/htdocs/nippou/protected/views/mail/index.php (13)
in /Applications/MAMP/htdocs/nippou/protected/controllers/MailController.php (18)
in /Applications/MAMP/htdocs/nippou/index.php (13)
2013/01/31 03:10:08 [error] [php] preg_replace(): Delimiter must not be alphanumeric or backslash (/Applications/MAMP/htdocs/nippou/protected/controllers/MailController.php:24)
Stack trace:
#0 /Applications/MAMP/htdocs/yii-1.1.13/framework/web/actions/CInlineAction.php(49): MailController->actionIndex()
#1 /Applications/MAMP/htdocs/yii-1.1.13/framework/web/CController.php(308): CInlineAction->runWithParams()
#2 /Applications/MAMP/htdocs/yii-1.1.13/framework/web/CController.php(286): MailController->runAction()
#3 /Applications/MAMP/htdocs/yii-1.1.13/framework/web/CController.php(265): MailController->runActionWithFilters()
#4 /Applications/MAMP/htdocs/yii-1.1.13/framework/web/CWebApplication.php(282): MailController->run()
#5 /Applications/MAMP/htdocs/yii-1.1.13/framework/web/CWebApplication.php(141): CWebApplication->runController()
#6 /Applications/MAMP/htdocs/yii-1.1.13/framework/base/CApplication.php(169): CWebApplication->processRequest()
#7 /Applications/MAMP/htdocs/nippou/index.php(13): CWebApplication->run()
REQUEST_URI=/nippou/index.php/mail
in /Applications/MAMP/htdocs/nippou/protected/controllers/MailController.php (24)
in /Applications/MAMP/htdocs/nippou/protected/controllers/MailController.php (18)
in /Applications/MAMP/htdocs/nippou/index.php (13)
2013/01/31 03:10:18 [error] [php] preg_replace(): Delimiter must not be alphanumeric or backslash (/Applications/MAMP/htdocs/nippou/protected/controllers/MailController.php:24)
Stack trace:
#0 /Applications/MAMP/htdocs/yii-1.1.13/framework/web/actions/CInlineAction.php(49): MailController->actionIndex()
#1 /Applications/MAMP/htdocs/yii-1.1.13/framework/web/CController.php(308): CInlineAction->runWithParams()
#2 /Applications/MAMP/htdocs/yii-1.1.13/framework/web/CController.php(286): MailController->runAction()
#3 /Applications/MAMP/htdocs/yii-1.1.13/framework/web/CController.php(265): MailController->runActionWithFilters()
#4 /Applications/MAMP/htdocs/yii-1.1.13/framework/web/CWebApplication.php(282): MailController->run()
#5 /Applications/MAMP/htdocs/yii-1.1.13/framework/web/CWebApplication.php(141): CWebApplication->runController()
#6 /Applications/MAMP/htdocs/yii-1.1.13/framework/base/CApplication.php(169): CWebApplication->processRequest()
#7 /Applications/MAMP/htdocs/nippou/index.php(13): CWebApplication->run()
REQUEST_URI=/nippou/index.php/mail
in /Applications/MAMP/htdocs/nippou/protected/controllers/MailController.php (24)
in /Applications/MAMP/htdocs/nippou/protected/controllers/MailController.php (18)
in /Applications/MAMP/htdocs/nippou/index.php (13)
2013/01/31 03:12:05 [error] [php] preg_replace(): Delimiter must not be alphanumeric or backslash (/Applications/MAMP/htdocs/nippou/protected/controllers/MailController.php:24)
Stack trace:
#0 /Applications/MAMP/htdocs/yii-1.1.13/framework/web/actions/CInlineAction.php(49): MailController->actionIndex()
#1 /Applications/MAMP/htdocs/yii-1.1.13/framework/web/CController.php(308): CInlineAction->runWithParams()
#2 /Applications/MAMP/htdocs/yii-1.1.13/framework/web/CController.php(286): MailController->runAction()
#3 /Applications/MAMP/htdocs/yii-1.1.13/framework/web/CController.php(265): MailController->runActionWithFilters()
#4 /Applications/MAMP/htdocs/yii-1.1.13/framework/web/CWebApplication.php(282): MailController->run()
#5 /Applications/MAMP/htdocs/yii-1.1.13/framework/web/CWebApplication.php(141): CWebApplication->runController()
#6 /Applications/MAMP/htdocs/yii-1.1.13/framework/base/CApplication.php(169): CWebApplication->processRequest()
#7 /Applications/MAMP/htdocs/nippou/index.php(13): CWebApplication->run()
REQUEST_URI=/nippou/index.php/mail
in /Applications/MAMP/htdocs/nippou/protected/controllers/MailController.php (24)
in /Applications/MAMP/htdocs/nippou/protected/controllers/MailController.php (18)
in /Applications/MAMP/htdocs/nippou/index.php (13)
2013/01/31 03:12:29 [error] [php] preg_replace(): Delimiter must not be alphanumeric or backslash (/Applications/MAMP/htdocs/nippou/protected/controllers/MailController.php:24)
Stack trace:
#0 /Applications/MAMP/htdocs/yii-1.1.13/framework/web/actions/CInlineAction.php(49): MailController->actionIndex()
#1 /Applications/MAMP/htdocs/yii-1.1.13/framework/web/CController.php(308): CInlineAction->runWithParams()
#2 /Applications/MAMP/htdocs/yii-1.1.13/framework/web/CController.php(286): MailController->runAction()
#3 /Applications/MAMP/htdocs/yii-1.1.13/framework/web/CController.php(265): MailController->runActionWithFilters()
#4 /Applications/MAMP/htdocs/yii-1.1.13/framework/web/CWebApplication.php(282): MailController->run()
#5 /Applications/MAMP/htdocs/yii-1.1.13/framework/web/CWebApplication.php(141): CWebApplication->runController()
#6 /Applications/MAMP/htdocs/yii-1.1.13/framework/base/CApplication.php(169): CWebApplication->processRequest()
#7 /Applications/MAMP/htdocs/nippou/index.php(13): CWebApplication->run()
REQUEST_URI=/nippou/index.php/mail
in /Applications/MAMP/htdocs/nippou/protected/controllers/MailController.php (24)
in /Applications/MAMP/htdocs/nippou/protected/controllers/MailController.php (18)
in /Applications/MAMP/htdocs/nippou/index.php (13)
2013/01/31 03:12:30 [error] [php] preg_replace(): Delimiter must not be alphanumeric or backslash (/Applications/MAMP/htdocs/nippou/protected/controllers/MailController.php:24)
Stack trace:
#0 /Applications/MAMP/htdocs/yii-1.1.13/framework/web/actions/CInlineAction.php(49): MailController->actionIndex()
#1 /Applications/MAMP/htdocs/yii-1.1.13/framework/web/CController.php(308): CInlineAction->runWithParams()
#2 /Applications/MAMP/htdocs/yii-1.1.13/framework/web/CController.php(286): MailController->runAction()
#3 /Applications/MAMP/htdocs/yii-1.1.13/framework/web/CController.php(265): MailController->runActionWithFilters()
#4 /Applications/MAMP/htdocs/yii-1.1.13/framework/web/CWebApplication.php(282): MailController->run()
#5 /Applications/MAMP/htdocs/yii-1.1.13/framework/web/CWebApplication.php(141): CWebApplication->runController()
#6 /Applications/MAMP/htdocs/yii-1.1.13/framework/base/CApplication.php(169): CWebApplication->processRequest()
#7 /Applications/MAMP/htdocs/nippou/index.php(13): CWebApplication->run()
REQUEST_URI=/nippou/index.php/mail
in /Applications/MAMP/htdocs/nippou/protected/controllers/MailController.php (24)
in /Applications/MAMP/htdocs/nippou/protected/controllers/MailController.php (18)
in /Applications/MAMP/htdocs/nippou/index.php (13)
2013/01/31 03:53:55 [error] [php] Undefined variable: cs (/Applications/MAMP/htdocs/nippou/protected/views/mail/index.php:8)
Stack trace:
#0 /Applications/MAMP/htdocs/yii-1.1.13/framework/web/CController.php(869): MailController->renderFile()
#1 /Applications/MAMP/htdocs/yii-1.1.13/framework/web/CController.php(782): MailController->renderPartial()
#2 /Applications/MAMP/htdocs/nippou/protected/controllers/MailController.php(19): MailController->render()
#3 /Applications/MAMP/htdocs/yii-1.1.13/framework/web/actions/CInlineAction.php(49): MailController->actionIndex()
#4 /Applications/MAMP/htdocs/yii-1.1.13/framework/web/CController.php(308): CInlineAction->runWithParams()
#5 /Applications/MAMP/htdocs/yii-1.1.13/framework/web/CController.php(286): MailController->runAction()
#6 /Applications/MAMP/htdocs/yii-1.1.13/framework/web/CController.php(265): MailController->runActionWithFilters()
#7 /Applications/MAMP/htdocs/yii-1.1.13/framework/web/CWebApplication.php(282): MailController->run()
#8 /Applications/MAMP/htdocs/yii-1.1.13/framework/web/CWebApplication.php(141): CWebApplication->runController()
#9 /Applications/MAMP/htdocs/yii-1.1.13/framework/base/CApplication.php(169): CWebApplication->processRequest()
#10 /Applications/MAMP/htdocs/nippou/index.php(13): CWebApplication->run()
REQUEST_URI=/nippou/index.php/mail
in /Applications/MAMP/htdocs/nippou/protected/views/mail/index.php (8)
in /Applications/MAMP/htdocs/nippou/protected/controllers/MailController.php (19)
in /Applications/MAMP/htdocs/nippou/index.php (13)
2013/01/31 03:53:55 [error] [php] Undefined variable: cs (/Applications/MAMP/htdocs/nippou/protected/views/mail/index.php:8)
Stack trace:
#0 /Applications/MAMP/htdocs/yii-1.1.13/framework/web/CController.php(869): MailController->renderFile()
#1 /Applications/MAMP/htdocs/yii-1.1.13/framework/web/CController.php(782): MailController->renderPartial()
#2 /Applications/MAMP/htdocs/nippou/protected/controllers/MailController.php(19): MailController->render()
#3 /Applications/MAMP/htdocs/yii-1.1.13/framework/web/actions/CInlineAction.php(49): MailController->actionIndex()
#4 /Applications/MAMP/htdocs/yii-1.1.13/framework/web/CController.php(308): CInlineAction->runWithParams()
#5 /Applications/MAMP/htdocs/yii-1.1.13/framework/web/CController.php(286): MailController->runAction()
#6 /Applications/MAMP/htdocs/yii-1.1.13/framework/web/CController.php(265): MailController->runActionWithFilters()
#7 /Applications/MAMP/htdocs/yii-1.1.13/framework/web/CWebApplication.php(282): MailController->run()
#8 /Applications/MAMP/htdocs/yii-1.1.13/framework/web/CWebApplication.php(141): CWebApplication->runController()
#9 /Applications/MAMP/htdocs/yii-1.1.13/framework/base/CApplication.php(169): CWebApplication->processRequest()
#10 /Applications/MAMP/htdocs/nippou/index.php(13): CWebApplication->run()
REQUEST_URI=/nippou/index.php/mail
in /Applications/MAMP/htdocs/nippou/protected/views/mail/index.php (8)
in /Applications/MAMP/htdocs/nippou/protected/controllers/MailController.php (19)
in /Applications/MAMP/htdocs/nippou/index.php (13)
2013/01/31 03:54:15 [error] [exception.CException] exception 'CException' with message 'The asset "/Applications/MAMP/htdocs/nippou/protected/vendors/jquery.ui/redmond/" to be published does not exist.' in /Applications/MAMP/htdocs/yii-1.1.13/framework/web/CAssetManager.php:257
Stack trace:
#0 /Applications/MAMP/htdocs/nippou/protected/views/mail/index.php(13): CAssetManager->publish('/Applications/M...')
#1 /Applications/MAMP/htdocs/yii-1.1.13/framework/web/CBaseController.php(126): require('/Applications/M...')
#2 /Applications/MAMP/htdocs/yii-1.1.13/framework/web/CBaseController.php(95): CBaseController->renderInternal('/Applications/M...', Array, true)
#3 /Applications/MAMP/htdocs/yii-1.1.13/framework/web/CController.php(869): CBaseController->renderFile('/Applications/M...', Array, true)
#4 /Applications/MAMP/htdocs/yii-1.1.13/framework/web/CController.php(782): CController->renderPartial('index', Array, true)
#5 /Applications/MAMP/htdocs/nippou/protected/controllers/MailController.php(19): CController->render('index', Array)
#6 /Applications/MAMP/htdocs/yii-1.1.13/framework/web/actions/CInlineAction.php(49): MailController->actionIndex()
#7 /Applications/MAMP/htdocs/yii-1.1.13/framework/web/CController.php(308): CInlineAction->runWithParams(Array)
#8 /Applications/MAMP/htdocs/yii-1.1.13/framework/web/CController.php(286): CController->runAction(Object(CInlineAction))
#9 /Applications/MAMP/htdocs/yii-1.1.13/framework/web/CController.php(265): CController->runActionWithFilters(Object(CInlineAction), Array)
#10 /Applications/MAMP/htdocs/yii-1.1.13/framework/web/CWebApplication.php(282): CController->run('')
#11 /Applications/MAMP/htdocs/yii-1.1.13/framework/web/CWebApplication.php(141): CWebApplication->runController('mail')
#12 /Applications/MAMP/htdocs/yii-1.1.13/framework/base/CApplication.php(169): CWebApplication->processRequest()
#13 /Applications/MAMP/htdocs/nippou/index.php(13): CApplication->run()
#14 {main}
REQUEST_URI=/nippou/index.php/mail
---
2013/01/31 03:55:29 [error] [php] include(Html.php): failed to open stream: No such file or directory (/Applications/MAMP/htdocs/yii-1.1.13/framework/YiiBase.php:421)
Stack trace:
#0 /Applications/MAMP/htdocs/nippou/protected/views/mail/index.php(10): spl_autoload_call()
#1 /Applications/MAMP/htdocs/yii-1.1.13/framework/web/CBaseController.php(126): require()
#2 /Applications/MAMP/htdocs/yii-1.1.13/framework/web/CBaseController.php(95): MailController->renderInternal()
#3 /Applications/MAMP/htdocs/yii-1.1.13/framework/web/CController.php(869): MailController->renderFile()
#4 /Applications/MAMP/htdocs/yii-1.1.13/framework/web/CController.php(782): MailController->renderPartial()
#5 /Applications/MAMP/htdocs/nippou/protected/controllers/MailController.php(19): MailController->render()
#6 /Applications/MAMP/htdocs/yii-1.1.13/framework/web/actions/CInlineAction.php(49): MailController->actionIndex()
#7 /Applications/MAMP/htdocs/yii-1.1.13/framework/web/CController.php(308): CInlineAction->runWithParams()
#8 /Applications/MAMP/htdocs/yii-1.1.13/framework/web/CController.php(286): MailController->runAction()
#9 /Applications/MAMP/htdocs/yii-1.1.13/framework/web/CController.php(265): MailController->runActionWithFilters()
#10 /Applications/MAMP/htdocs/yii-1.1.13/framework/web/CWebApplication.php(282): MailController->run()
#11 /Applications/MAMP/htdocs/yii-1.1.13/framework/web/CWebApplication.php(141): CWebApplication->runController()
#12 /Applications/MAMP/htdocs/yii-1.1.13/framework/base/CApplication.php(169): CWebApplication->processRequest()
#13 /Applications/MAMP/htdocs/nippou/index.php(13): CWebApplication->run()
REQUEST_URI=/nippou/index.php/mail
in /Applications/MAMP/htdocs/nippou/protected/views/mail/index.php (10)
in /Applications/MAMP/htdocs/nippou/protected/controllers/MailController.php (19)
in /Applications/MAMP/htdocs/nippou/index.php (13)
2013/01/31 04:40:45 [error] [php] include(date.php): failed to open stream: No such file or directory (/Applications/MAMP/htdocs/yii-1.1.13/framework/YiiBase.php:421)
Stack trace:
#0 /Applications/MAMP/htdocs/nippou/protected/controllers/MailController.php(39): spl_autoload_call()
#1 /Applications/MAMP/htdocs/nippou/protected/controllers/MailController.php(17): MailController->genMailContent()
#2 /Applications/MAMP/htdocs/yii-1.1.13/framework/web/actions/CInlineAction.php(49): MailController->actionIndex()
#3 /Applications/MAMP/htdocs/yii-1.1.13/framework/web/CController.php(308): CInlineAction->runWithParams()
#4 /Applications/MAMP/htdocs/yii-1.1.13/framework/web/CController.php(286): MailController->runAction()
#5 /Applications/MAMP/htdocs/yii-1.1.13/framework/web/CController.php(265): MailController->runActionWithFilters()
#6 /Applications/MAMP/htdocs/yii-1.1.13/framework/web/CWebApplication.php(282): MailController->run()
#7 /Applications/MAMP/htdocs/yii-1.1.13/framework/web/CWebApplication.php(141): CWebApplication->runController()
#8 /Applications/MAMP/htdocs/yii-1.1.13/framework/base/CApplication.php(169): CWebApplication->processRequest()
#9 /Applications/MAMP/htdocs/nippou/index.php(13): CWebApplication->run()
REQUEST_URI=/nippou/index.php/mail
in /Applications/MAMP/htdocs/nippou/protected/controllers/MailController.php (39)
in /Applications/MAMP/htdocs/nippou/protected/controllers/MailController.php (17)
in /Applications/MAMP/htdocs/nippou/index.php (13)
2013/01/31 05:05:32 [error] [exception.CHttpException.404] exception 'CHttpException' with message 'The system is unable to find the requested action "review".' in /Applications/MAMP/htdocs/yii-1.1.13/framework/web/CController.php:483
Stack trace:
#0 /Applications/MAMP/htdocs/yii-1.1.13/framework/web/CController.php(270): CController->missingAction('review')
#1 /Applications/MAMP/htdocs/yii-1.1.13/framework/web/CWebApplication.php(282): CController->run('review')
#2 /Applications/MAMP/htdocs/yii-1.1.13/framework/web/CWebApplication.php(141): CWebApplication->runController('mail/review')
#3 /Applications/MAMP/htdocs/yii-1.1.13/framework/base/CApplication.php(169): CWebApplication->processRequest()
#4 /Applications/MAMP/htdocs/nippou/index.php(13): CApplication->run()
#5 {main}
REQUEST_URI=/nippou/index.php/mail/review?params%5Btime%5D=&params%5B1%5D=&params%5B2%5D=&params%5B3%5D=
HTTP_REFERER=http://localhost:8888/nippou/index.php/mail
---
2013/01/31 05:08:26 [error] [php] Undefined index: params (/Applications/MAMP/htdocs/nippou/protected/controllers/MailController.php:37)
Stack trace:
#0 /Applications/MAMP/htdocs/yii-1.1.13/framework/web/CController.php(286): MailController->runAction()
#1 /Applications/MAMP/htdocs/yii-1.1.13/framework/web/CController.php(265): MailController->runActionWithFilters()
#2 /Applications/MAMP/htdocs/yii-1.1.13/framework/web/CWebApplication.php(282): MailController->run()
#3 /Applications/MAMP/htdocs/yii-1.1.13/framework/web/CWebApplication.php(141): CWebApplication->runController()
#4 /Applications/MAMP/htdocs/yii-1.1.13/framework/base/CApplication.php(169): CWebApplication->processRequest()
#5 /Applications/MAMP/htdocs/nippou/index.php(13): CWebApplication->run()
REQUEST_URI=/nippou/index.php/mail/review?params%5Btime%5D=13%3A30&params%5B1%5D=111&params%5B2%5D=222&params%5B3%5D=333
in /Applications/MAMP/htdocs/nippou/protected/controllers/MailController.php (37)
in /Applications/MAMP/htdocs/nippou/index.php (13)
2013/01/31 06:42:59 [error] [exception.CException] exception 'CException' with message 'Property "Settings.name" is not defined.' in /Applications/MAMP/htdocs/yii-1.1.13/framework/base/CComponent.php:130
Stack trace:
#0 /Applications/MAMP/htdocs/yii-1.1.13/framework/db/ar/CActiveRecord.php(143): CComponent->__get('name???')
#1 /Applications/MAMP/htdocs/nippou/protected/controllers/MailController.php(74): CActiveRecord->__get('name???')
#2 /Applications/MAMP/htdocs/nippou/protected/controllers/MailController.php(18): MailController->sendMail('???????????????...')
#3 /Applications/MAMP/htdocs/yii-1.1.13/framework/web/actions/CInlineAction.php(49): MailController->actionIndex()
#4 /Applications/MAMP/htdocs/yii-1.1.13/framework/web/CController.php(308): CInlineAction->runWithParams(Array)
#5 /Applications/MAMP/htdocs/yii-1.1.13/framework/web/CController.php(286): CController->runAction(Object(CInlineAction))
#6 /Applications/MAMP/htdocs/yii-1.1.13/framework/web/CController.php(265): CController->runActionWithFilters(Object(CInlineAction), Array)
#7 /Applications/MAMP/htdocs/yii-1.1.13/framework/web/CWebApplication.php(282): CController->run('')
#8 /Applications/MAMP/htdocs/yii-1.1.13/framework/web/CWebApplication.php(141): CWebApplication->runController('mail')
#9 /Applications/MAMP/htdocs/yii-1.1.13/framework/base/CApplication.php(169): CWebApplication->processRequest()
#10 /Applications/MAMP/htdocs/nippou/index.php(13): CApplication->run()
#11 {main}
REQUEST_URI=/nippou/index.php/mail
HTTP_REFERER=http://localhost:8888/nippou/index.php/mail
---
2013/01/31 06:43:52 [error] [exception.CException] exception 'CException' with message 'Property "Settings.name" is not defined.' in /Applications/MAMP/htdocs/yii-1.1.13/framework/base/CComponent.php:130
Stack trace:
#0 /Applications/MAMP/htdocs/yii-1.1.13/framework/db/ar/CActiveRecord.php(143): CComponent->__get('name???')
#1 /Applications/MAMP/htdocs/nippou/protected/controllers/MailController.php(76): CActiveRecord->__get('name???')
#2 /Applications/MAMP/htdocs/nippou/protected/controllers/MailController.php(18): MailController->sendMail('???????????????...')
#3 /Applications/MAMP/htdocs/yii-1.1.13/framework/web/actions/CInlineAction.php(49): MailController->actionIndex()
#4 /Applications/MAMP/htdocs/yii-1.1.13/framework/web/CController.php(308): CInlineAction->runWithParams(Array)
#5 /Applications/MAMP/htdocs/yii-1.1.13/framework/web/CController.php(286): CController->runAction(Object(CInlineAction))
#6 /Applications/MAMP/htdocs/yii-1.1.13/framework/web/CController.php(265): CController->runActionWithFilters(Object(CInlineAction), Array)
#7 /Applications/MAMP/htdocs/yii-1.1.13/framework/web/CWebApplication.php(282): CController->run('')
#8 /Applications/MAMP/htdocs/yii-1.1.13/framework/web/CWebApplication.php(141): CWebApplication->runController('mail')
#9 /Applications/MAMP/htdocs/yii-1.1.13/framework/base/CApplication.php(169): CWebApplication->processRequest()
#10 /Applications/MAMP/htdocs/nippou/index.php(13): CApplication->run()
#11 {main}
REQUEST_URI=/nippou/index.php/mail
HTTP_REFERER=http://localhost:8888/nippou/index.php/mail
---
2013/01/31 06:44:51 [error] [php] fsockopen(): php_network_getaddresses: getaddrinfo failed: nodename nor servname provided, or not known (/Applications/MAMP/htdocs/nippou/protected/extensions/swiftMailer/lib/classes/Swift/Transport/StreamBuffer.php:243)
Stack trace:
#0 /Applications/MAMP/htdocs/nippou/protected/extensions/swiftMailer/lib/classes/Swift/Transport/AbstractSmtpTransport.php(111): Swift_Transport_StreamBuffer->initialize()
#1 /Applications/MAMP/htdocs/nippou/protected/extensions/swiftMailer/lib/classes/Swift/Mailer.php(84): Swift_SmtpTransport->start()
#2 /Applications/MAMP/htdocs/nippou/protected/controllers/MailController.php(98): Swift_Mailer->send()
#3 /Applications/MAMP/htdocs/nippou/protected/controllers/MailController.php(18): MailController->sendMail()
#4 /Applications/MAMP/htdocs/yii-1.1.13/framework/web/actions/CInlineAction.php(49): MailController->actionIndex()
#5 /Applications/MAMP/htdocs/yii-1.1.13/framework/web/CController.php(308): CInlineAction->runWithParams()
#6 /Applications/MAMP/htdocs/yii-1.1.13/framework/web/CController.php(286): MailController->runAction()
#7 /Applications/MAMP/htdocs/yii-1.1.13/framework/web/CController.php(265): MailController->runActionWithFilters()
#8 /Applications/MAMP/htdocs/yii-1.1.13/framework/web/CWebApplication.php(282): MailController->run()
#9 /Applications/MAMP/htdocs/yii-1.1.13/framework/web/CWebApplication.php(141): CWebApplication->runController()
#10 /Applications/MAMP/htdocs/yii-1.1.13/framework/base/CApplication.php(169): CWebApplication->processRequest()
#11 /Applications/MAMP/htdocs/nippou/index.php(13): CWebApplication->run()
REQUEST_URI=/nippou/index.php/mail
in /Applications/MAMP/htdocs/nippou/protected/extensions/swiftMailer/lib/classes/Swift/Transport/StreamBuffer.php (243)
in /Applications/MAMP/htdocs/nippou/protected/extensions/swiftMailer/lib/classes/Swift/Transport/StreamBuffer.php (80)
in /Applications/MAMP/htdocs/nippou/protected/extensions/swiftMailer/lib/classes/Swift/Transport/AbstractSmtpTransport.php (111)
